\BOOKMARK [1][-]{section.1}{Scientific / Technical / Management}{}% 1
\BOOKMARK [2][-]{subsection.1.1}{Objectives, outcomes and recommendation}{section.1}% 2
\BOOKMARK [2][-]{subsection.1.2}{Present state of knowledge}{section.1}% 3
\BOOKMARK [3][-]{subsubsection.1.2.1}{Mountain Snowpack}{subsection.1.2}% 4
\BOOKMARK [3][-]{subsubsection.1.2.2}{Observations}{subsection.1.2}% 5
\BOOKMARK [3][-]{subsubsection.1.2.3}{Strengths of the Investigation Team and Ongoing Work}{subsection.1.2}% 6
\BOOKMARK [2][-]{subsection.1.3}{Variable Resolution Global Climate Modeling \(VRGCMs\)}{section.1}% 7
\BOOKMARK [2][-]{subsection.1.4}{Research Tasks}{section.1}% 8
\BOOKMARK [3][-]{subsubsection.1.4.1}{VRGCM Assessment Simulations \(1980-2005\) and Tuning}{subsection.1.4}% 9
\BOOKMARK [3][-]{subsubsection.1.4.2}{WRF Simulations \(1980-2005\)}{subsection.1.4}% 10
\BOOKMARK [3][-]{subsubsection.1.4.3}{VRGCM Predictive Simulations \(2025-2050\)}{subsection.1.4}% 11
\BOOKMARK [3][-]{subsubsection.1.4.4}{Data Publication}{subsection.1.4}% 12
\BOOKMARK [3][-]{subsubsection.1.4.5}{Computational Requirements}{subsection.1.4}% 13
\BOOKMARK [3][-]{subsubsection.1.4.6}{Plan of Work}{subsection.1.4}% 14
\BOOKMARK [1][-]{section.2}{References}{}% 15
\BOOKMARK [1][-]{section.3}{Biographical Sketch}{}% 16
\BOOKMARK [1][-]{section.4}{Current and Pending Support}{}% 17
\BOOKMARK [1][-]{section.5}{Statements of Commitment / Work}{}% 18
\BOOKMARK [1][-]{section.6}{Budget Justification}{}% 19
\BOOKMARK [2][-]{subsubsection.6.0.7}{Inflation}{section.6}% 20
\BOOKMARK [3][-]{subsubsection.6.0.8}{Salaries}{subsubsection.6.0.7}% 21
\BOOKMARK [3][-]{subsubsection.6.0.9}{Fringe Benefits}{subsubsection.6.0.7}% 22
\BOOKMARK [3][-]{subsubsection.6.0.10}{Travel and Living}{subsubsection.6.0.7}% 23
\BOOKMARK [3][-]{subsubsection.6.0.11}{Other Direct Costs}{subsubsection.6.0.7}% 24
\BOOKMARK [3][-]{subsubsection.6.0.12}{Indirect Cost}{subsubsection.6.0.7}% 25
\BOOKMARK [3][-]{subsubsection.6.0.13}{Personnel and Work Effort}{subsubsection.6.0.7}% 26
